// 重构日志: 119dc7f8
// 重构日志: 00d08f8e
// 重构日志: 7bc4c206
// 重构日志: 305d8518
// 重构日志: 35fe2504
// 同步 ID: 9c3e7451 @ Sun Jun 28 00:07:52 UTC 2026
// 重构日志: 4e1b7ec6
// 同步 ID: 9bfcc119 @ Tue Jun 30 15:54:17 UTC 2026
// 同步 ID: d3fc50c1 @ Wed Jul  1 14:08:28 UTC 2026
// 重构日志: 92bbb436
// 同步 ID: 6e933261 @ Thu Jul  2 15:45:52 UTC 2026
// 同步 ID: a9f38434 @ Thu Jul  2 17:38:20 UTC 2026
// 重构日志: 3b750b47
// 重构日志: 3e1b014d
// 同步 ID: a344b140 @ Sun Jul  5 12:17:29 UTC 2026
// 同步 ID: 6e054347 @ Sun Jul  5 13:22:34 UTC 2026
// 重构日志: a9c13e0d
// 重构日志: 7f6c879c
// 重构日志: 41e10dbc
// 重构日志: 53368aff
// 重构日志: 19f9009a
// 重构日志: 6f602ba8
// 同步 ID: 31ab9e1c @ Fri Jul 10 16:06:02 UTC 2026
// 重构日志: 12f87aaa
// 同步 ID: 18f5d96d @ Sat Jul 11 11:34:51 UTC 2026
// 重构日志: 55f028ad
// 重构日志: 79acb42e
// 重构日志: 79bc0bab
// 重构日志: 4e26977e
// 同步 ID: c5df775e @ Mon Jul 13 02:06:44 UTC 2026
